INFO:     Started server process [72811]
INFO:     Waiting for application startup.
INFO:     Application startup complete.
INFO:     Waiting for application shutdown.
INFO:     Application shutdown complete.
INFO:     Shutting down
INFO:     Waiting for application shutdown.
INFO:     Application shutdown complete.
INFO:     Finished server process [72809]
INFO:     Started server process [89842]
INFO:     Waiting for application startup.
INFO:     Application startup complete.
INFO:     Uvicorn running on http://0.0.0.0:8000 (Press CTRL+C to quit)
INFO:     Shutting down
INFO:     Waiting for application shutdown.
INFO:     Application shutdown complete.
INFO:     Finished server process [89842]
INFO:     Started server process [91860]
INFO:     Waiting for application startup.
INFO:     Application startup complete.
INFO:     Uvicorn running on http://0.0.0.0:8000 (Press CTRL+C to quit)
INFO:     Shutting down
INFO:     Waiting for application shutdown.
INFO:     Application shutdown complete.
INFO:     Finished server process [91860]
INFO:     Started server process [93040]
INFO:     Waiting for application startup.
INFO:     Application startup complete.
INFO:     Uvicorn running on http://0.0.0.0:8000 (Press CTRL+C to quit)
INFO:     Shutting down
INFO:     Waiting for application shutdown.
INFO:     Application shutdown complete.
INFO:     Finished server process [93040]
INFO:     Started server process [8623]
INFO:     Waiting for application startup.
INFO:     Application startup complete.
INFO:     Uvicorn running on http://0.0.0.0:8000 (Press CTRL+C to quit)
2026-02-21 13:11:39,161 INFO src.universe: Loaded 503 tickers from cache
2026-02-21 13:11:39,161 INFO src.pipeline: Scanning 503 tickers with strategy 'balanced'...
2026-02-21 13:11:39,161 INFO src.pipeline: Using cached stock data (19.1h old)
2026-02-21 13:11:39,978 INFO src.market_regime: Market regime: BULL (confidence: 95%) - SPY $689.43 is 6.3% above 200MA ($648.59), trending up. Bull market detected.
2026-02-21 13:11:39,979 INFO src.pipeline: Market regime detected: BULL (confidence: 95%)
2026-02-21 13:11:42,302 INFO src.pipeline: Analyzed 486 stocks
2026-02-21 13:11:42,302 INFO src.pipeline: After filtering: 486 stocks
2026-02-21 13:11:42,319 INFO src.pipeline: ML integration: 3 snapshots available, ML weight = 0% (insufficient data)
2026-02-21 13:11:42,320 INFO src.pipeline: Fetching smart money data for top 20 stocks...
2026-02-21 13:11:50,082 INFO src.streak_tracker: Updated streaks for 20 tickers
2026-02-21 13:11:50,111 INFO src.pipeline: Rotated scan results → prev_scan_results.json
2026-02-21 13:12:11,717 INFO src.universe: Loaded 503 tickers from cache
2026-02-21 13:12:11,718 INFO src.pipeline: Scanning 503 tickers with strategy 'balanced'...
2026-02-21 13:12:11,718 INFO src.pipeline: Using cached stock data (19.1h old)
2026-02-21 13:12:12,256 INFO src.market_regime: Market regime: BULL (confidence: 95%) - SPY $689.43 is 6.3% above 200MA ($648.59), trending up. Bull market detected.
2026-02-21 13:12:12,256 INFO src.pipeline: Market regime detected: BULL (confidence: 95%)
2026-02-21 13:12:14,422 INFO src.pipeline: Analyzed 486 stocks
2026-02-21 13:12:14,422 INFO src.pipeline: After filtering: 486 stocks
2026-02-21 13:12:14,437 INFO src.pipeline: ML integration: 3 snapshots available, ML weight = 0% (insufficient data)
2026-02-21 13:12:14,437 INFO src.pipeline: Fetching smart money data for top 20 stocks...
2026-02-21 13:12:20,548 INFO src.streak_tracker: Updated streaks for 20 tickers
2026-02-21 13:12:20,568 INFO src.pipeline: Rotated scan results → prev_scan_results.json
2026-02-21 13:12:49,892 INFO src.universe: Loaded 503 tickers from cache
2026-02-21 13:12:49,893 INFO src.pipeline: Scanning 503 tickers with strategy 'balanced'...
2026-02-21 13:12:49,893 INFO src.pipeline: Using cached stock data (19.1h old)
2026-02-21 13:12:50,352 INFO src.market_regime: Market regime: BULL (confidence: 95%) - SPY $689.43 is 6.3% above 200MA ($648.59), trending up. Bull market detected.
2026-02-21 13:12:50,352 INFO src.pipeline: Market regime detected: BULL (confidence: 95%)
2026-02-21 13:12:52,509 INFO src.pipeline: Analyzed 486 stocks
2026-02-21 13:12:52,509 INFO src.pipeline: After filtering: 486 stocks
2026-02-21 13:12:52,524 INFO src.pipeline: ML integration: 3 snapshots available, ML weight = 0% (insufficient data)
2026-02-21 13:12:52,525 INFO src.pipeline: Fetching smart money data for top 20 stocks...
2026-02-21 13:12:58,801 INFO src.streak_tracker: Updated streaks for 20 tickers
2026-02-21 13:12:58,821 INFO src.pipeline: Rotated scan results → prev_scan_results.json
2026-02-21 13:13:27,358 INFO src.universe: Loaded 503 tickers from cache
2026-02-21 13:13:27,358 INFO src.pipeline: Scanning 503 tickers with strategy 'balanced'...
2026-02-21 13:13:27,358 INFO src.pipeline: Using cached stock data (19.2h old)
2026-02-21 13:13:27,901 INFO src.market_regime: Market regime: BULL (confidence: 95%) - SPY $689.43 is 6.3% above 200MA ($648.59), trending up. Bull market detected.
2026-02-21 13:13:27,902 INFO src.pipeline: Market regime detected: BULL (confidence: 95%)
2026-02-21 13:13:30,055 INFO src.pipeline: Analyzed 486 stocks
2026-02-21 13:13:30,055 INFO src.pipeline: After filtering: 486 stocks
2026-02-21 13:13:30,069 INFO src.pipeline: ML integration: 3 snapshots available, ML weight = 0% (insufficient data)
2026-02-21 13:13:30,070 INFO src.pipeline: Fetching smart money data for top 20 stocks...
2026-02-21 13:13:36,673 INFO src.streak_tracker: Updated streaks for 20 tickers
2026-02-21 13:13:36,693 INFO src.pipeline: Rotated scan results → prev_scan_results.json
INFO:     Shutting down
INFO:     Waiting for application shutdown.
INFO:     Application shutdown complete.
INFO:     Finished server process [8623]
INFO:     Started server process [9470]
INFO:     Waiting for application startup.
INFO:     Application startup complete.
INFO:     Uvicorn running on http://0.0.0.0:8000 (Press CTRL+C to quit)
2026-02-21 13:15:16,784 INFO src.universe: Loaded 503 tickers from cache
2026-02-21 13:15:16,784 INFO src.pipeline: Scanning 503 tickers with strategy 'balanced'...
2026-02-21 13:15:16,784 INFO src.pipeline: Using cached stock data (19.2h old)
2026-02-21 13:15:17,707 INFO src.market_regime: Market regime: BULL (confidence: 95%) - SPY $689.43 is 6.3% above 200MA ($648.59), trending up. Bull market detected.
2026-02-21 13:15:17,707 INFO src.pipeline: Market regime detected: BULL (confidence: 95%)
2026-02-21 13:15:19,840 INFO src.pipeline: Analyzed 486 stocks
2026-02-21 13:15:19,840 INFO src.pipeline: After filtering: 486 stocks
2026-02-21 13:15:19,856 INFO src.pipeline: ML integration: 3 snapshots available, ML weight = 0% (insufficient data)
2026-02-21 13:15:19,856 INFO src.pipeline: Fetching smart money data for top 20 stocks...
2026-02-21 13:15:27,743 INFO src.streak_tracker: Updated streaks for 20 tickers
2026-02-21 13:15:27,771 INFO src.pipeline: Rotated scan results → prev_scan_results.json
INFO:     Shutting down
INFO:     Waiting for application shutdown.
INFO:     Application shutdown complete.
INFO:     Finished server process [9470]
INFO:     Started server process [9528]
INFO:     Waiting for application startup.
INFO:     Application startup complete.
INFO:     Uvicorn running on http://0.0.0.0:8000 (Press CTRL+C to quit)
2026-02-21 13:17:34,951 INFO src.universe: Loaded 503 tickers from cache
2026-02-21 13:17:34,951 INFO src.pipeline: Scanning 503 tickers with strategy 'balanced'...
2026-02-21 13:17:34,951 INFO src.pipeline: Using cached stock data (19.2h old)
2026-02-21 13:17:35,854 INFO src.market_regime: Market regime: BULL (confidence: 95%) - SPY $689.43 is 6.3% above 200MA ($648.59), trending up. Bull market detected.
2026-02-21 13:17:35,854 INFO src.pipeline: Market regime detected: BULL (confidence: 95%)
2026-02-21 13:17:37,992 INFO src.pipeline: Analyzed 486 stocks
2026-02-21 13:17:37,992 INFO src.pipeline: After filtering: 486 stocks
2026-02-21 13:17:38,008 INFO src.pipeline: ML integration: 3 snapshots available, ML weight = 0% (insufficient data)
2026-02-21 13:17:38,008 INFO src.pipeline: Fetching smart money data for top 20 stocks...
2026-02-21 13:17:45,770 INFO src.streak_tracker: Updated streaks for 20 tickers
INFO:     Shutting down
INFO:     Waiting for application shutdown.
INFO:     Application shutdown complete.
INFO:     Finished server process [9528]
INFO:     Started server process [9652]
INFO:     Waiting for application startup.
INFO:     Application startup complete.
INFO:     Uvicorn running on http://0.0.0.0:8000 (Press CTRL+C to quit)
2026-02-21 13:26:25,037 INFO src.universe: Loaded 503 tickers from cache
2026-02-21 13:26:25,037 INFO src.pipeline: Scanning 503 tickers with strategy 'balanced'...
2026-02-21 13:26:25,037 INFO src.pipeline: Using cached stock data (19.4h old)
2026-02-21 13:26:25,923 INFO src.market_regime: Market regime: BULL (confidence: 95%) - SPY $689.43 is 6.3% above 200MA ($648.59), trending up. Bull market detected.
2026-02-21 13:26:25,924 INFO src.pipeline: Market regime detected: BULL (confidence: 95%)
2026-02-21 13:26:28,076 INFO src.pipeline: Analyzed 486 stocks
2026-02-21 13:26:28,076 INFO src.pipeline: After filtering: 486 stocks
2026-02-21 13:26:28,091 INFO src.pipeline: ML integration: 3 snapshots available, ML weight = 0% (insufficient data)
2026-02-21 13:26:28,092 INFO src.pipeline: Fetching smart money data for top 20 stocks...
2026-02-21 13:26:36,130 INFO src.streak_tracker: Updated streaks for 20 tickers
2026-02-21 13:26:36,158 INFO src.pipeline: Rotated scan results → prev_scan_results.json
2026-02-21 13:35:22,595 INFO src.universe: Loaded 503 tickers from cache
2026-02-21 13:35:22,596 INFO src.pipeline: Scanning 503 tickers with strategy 'balanced'...
2026-02-21 13:35:22,596 INFO src.pipeline: Using cached stock data (19.5h old)
2026-02-21 13:35:23,411 INFO src.market_regime: Market regime: BULL (confidence: 95%) - SPY $689.43 is 6.3% above 200MA ($648.59), trending up. Bull market detected.
2026-02-21 13:35:23,411 INFO src.pipeline: Market regime detected: BULL (confidence: 95%)
2026-02-21 13:35:25,562 INFO src.pipeline: Analyzed 486 stocks
2026-02-21 13:35:25,562 INFO src.pipeline: After filtering: 486 stocks
2026-02-21 13:35:25,579 INFO src.pipeline: ML integration: 3 snapshots available, ML weight = 0% (insufficient data)
2026-02-21 13:35:25,580 INFO src.pipeline: Fetching smart money data for top 20 stocks...
2026-02-21 13:35:32,018 INFO src.streak_tracker: Updated streaks for 20 tickers
2026-02-21 13:35:32,038 INFO src.pipeline: Rotated scan results → prev_scan_results.json
INFO:     Shutting down
INFO:     Waiting for application shutdown.
INFO:     Application shutdown complete.
INFO:     Finished server process [9652]
INFO:     Started server process [10188]
INFO:     Waiting for application startup.
INFO:     Application startup complete.
INFO:     Uvicorn running on http://0.0.0.0:8000 (Press CTRL+C to quit)
2026-02-21 13:36:39,873 INFO src.universe: Loaded 503 tickers from cache
2026-02-21 13:36:39,873 INFO src.pipeline: Scanning 503 tickers with strategy 'balanced'...
2026-02-21 13:36:39,873 INFO src.pipeline: Using cached stock data (19.5h old)
2026-02-21 13:36:40,874 INFO src.market_regime: Market regime: BULL (confidence: 95%) - SPY $689.43 is 6.3% above 200MA ($648.59), trending up. Bull market detected.
2026-02-21 13:36:40,874 INFO src.pipeline: Market regime detected: BULL (confidence: 95%)
2026-02-21 13:36:43,003 INFO src.pipeline: Analyzed 486 stocks
2026-02-21 13:36:43,003 INFO src.pipeline: After filtering: 486 stocks
2026-02-21 13:36:43,018 INFO src.pipeline: ML integration: 3 snapshots available, ML weight = 0% (insufficient data)
2026-02-21 13:36:43,019 INFO src.pipeline: Fetching smart money data for top 20 stocks (parallel)...
2026-02-21 13:36:44,618 INFO src.pipeline: Smart money fetch completed in 1.6s
2026-02-21 13:36:46,388 INFO src.streak_tracker: Updated streaks for 20 tickers
2026-02-21 13:36:46,415 INFO src.pipeline: Rotated scan results → prev_scan_results.json
2026-02-21 13:37:24,035 INFO src.universe: Loaded 503 tickers from cache
2026-02-21 13:37:24,035 INFO src.pipeline: Scanning 503 tickers with strategy 'balanced'...
2026-02-21 13:37:24,035 INFO src.pipeline: Using cached stock data (19.6h old)
2026-02-21 13:37:24,648 INFO src.market_regime: Market regime: BULL (confidence: 95%) - SPY $689.43 is 6.3% above 200MA ($648.59), trending up. Bull market detected.
2026-02-21 13:37:24,648 INFO src.pipeline: Market regime detected: BULL (confidence: 95%)
2026-02-21 13:37:26,777 INFO src.pipeline: Analyzed 486 stocks
2026-02-21 13:37:26,777 INFO src.pipeline: After filtering: 486 stocks
2026-02-21 13:37:26,793 INFO src.pipeline: ML integration: 3 snapshots available, ML weight = 0% (insufficient data)
2026-02-21 13:37:26,793 INFO src.pipeline: Fetching smart money data for top 20 stocks (parallel)...
2026-02-21 13:37:28,423 INFO src.pipeline: Smart money fetch completed in 1.6s
2026-02-21 13:37:28,428 INFO src.streak_tracker: Updated streaks for 20 tickers
2026-02-21 13:37:28,446 INFO src.pipeline: Rotated scan results → prev_scan_results.json
2026-02-21 13:37:34,191 INFO src.universe: Loaded 503 tickers from cache
2026-02-21 13:37:34,191 INFO src.pipeline: Scanning 503 tickers with strategy 'balanced'...
2026-02-21 13:37:34,191 INFO src.pipeline: Using cached stock data (19.6h old)
2026-02-21 13:37:34,802 INFO src.market_regime: Market regime: BULL (confidence: 95%) - SPY $689.43 is 6.3% above 200MA ($648.59), trending up. Bull market detected.
2026-02-21 13:37:34,802 INFO src.pipeline: Market regime detected: BULL (confidence: 95%)
2026-02-21 13:37:36,932 INFO src.pipeline: Analyzed 486 stocks
2026-02-21 13:37:36,932 INFO src.pipeline: After filtering: 486 stocks
2026-02-21 13:37:36,948 INFO src.pipeline: ML integration: 3 snapshots available, ML weight = 0% (insufficient data)
2026-02-21 13:37:36,948 INFO src.pipeline: Fetching smart money data for top 20 stocks (parallel)...
2026-02-21 13:37:38,579 INFO src.pipeline: Smart money fetch completed in 1.6s
2026-02-21 13:37:38,583 INFO src.streak_tracker: Updated streaks for 20 tickers
2026-02-21 13:37:38,601 INFO src.pipeline: Rotated scan results → prev_scan_results.json
2026-02-21 19:06:48,451 INFO src.universe: Fetching S&P 500 tickers from Wikipedia...
/Users/zhuorantang/Library/Python/3.9/lib/python/site-packages/urllib3/__init__.py:35: NotOpenSSLWarning: urllib3 v2 only supports OpenSSL 1.1.1+, currently the 'ssl' module is compiled with 'LibreSSL 2.8.3'. See: https://github.com/urllib3/urllib3/issues/3020
  warnings.warn(
2026-02-21 19:06:48,975 INFO src.universe: Fetched 503 tickers
2026-02-21 19:06:48,976 INFO src.pipeline: Scanning 503 tickers with strategy 'balanced'...
2026-02-21 19:06:48,976 INFO src.pipeline: Fetching data for 503 stocks...
2026-02-21 19:07:03,288 INFO src.market_regime: Market regime: BULL (confidence: 95%) - SPY $689.43 is 6.3% above 200MA ($648.59), trending up. Bull market detected.
2026-02-21 19:07:03,710 INFO src.market_regime: Market regime: BULL (confidence: 95%) - SPY $689.43 is 6.3% above 200MA ($648.59), trending up. Bull market detected.
2026-02-21 19:07:04,424 INFO src.market_regime: Market regime: BULL (confidence: 95%) - SPY $689.43 is 6.3% above 200MA ($648.59), trending up. Bull market detected.
2026-02-21 19:07:05,315 INFO src.market_regime: Market regime: BULL (confidence: 95%) - SPY $689.43 is 6.3% above 200MA ($648.59), trending up. Bull market detected.
2026-02-21 19:07:05,865 INFO src.market_regime: Market regime: BULL (confidence: 95%) - SPY $689.43 is 6.3% above 200MA ($648.59), trending up. Bull market detected.
2026-02-21 19:07:06,413 INFO src.market_regime: Market regime: BULL (confidence: 95%) - SPY $689.43 is 6.3% above 200MA ($648.59), trending up. Bull market detected.
2026-02-21 19:07:07,308 INFO src.market_regime: Market regime: BULL (confidence: 95%) - SPY $689.43 is 6.3% above 200MA ($648.59), trending up. Bull market detected.
2026-02-21 19:07:07,804 INFO src.market_regime: Market regime: BULL (confidence: 95%) - SPY $689.43 is 6.3% above 200MA ($648.59), trending up. Bull market detected.
2026-02-21 19:07:08,425 INFO src.market_regime: Market regime: BULL (confidence: 95%) - SPY $689.43 is 6.3% above 200MA ($648.59), trending up. Bull market detected.
2026-02-21 19:07:09,609 INFO src.market_regime: Market regime: BULL (confidence: 95%) - SPY $689.43 is 6.3% above 200MA ($648.59), trending up. Bull market detected.
2026-02-21 19:07:10,215 INFO src.market_regime: Market regime: BULL (confidence: 95%) - SPY $689.43 is 6.3% above 200MA ($648.59), trending up. Bull market detected.
2026-02-21 19:07:10,887 INFO src.market_regime: Market regime: BULL (confidence: 95%) - SPY $689.43 is 6.3% above 200MA ($648.59), trending up. Bull market detected.
2026-02-21 19:07:11,334 INFO src.pipeline: Progress: 50/503
2026-02-21 19:07:11,629 INFO src.market_regime: Market regime: BULL (confidence: 95%) - SPY $689.43 is 6.3% above 200MA ($648.59), trending up. Bull market detected.
2026-02-21 19:07:12,286 INFO src.market_regime: Market regime: BULL (confidence: 95%) - SPY $689.43 is 6.3% above 200MA ($648.59), trending up. Bull market detected.
2026-02-21 19:07:12,964 INFO src.market_regime: Market regime: BULL (confidence: 95%) - SPY $689.43 is 6.3% above 200MA ($648.59), trending up. Bull market detected.
2026-02-21 19:07:13,695 INFO src.market_regime: Market regime: BULL (confidence: 95%) - SPY $689.43 is 6.3% above 200MA ($648.59), trending up. Bull market detected.
2026-02-21 19:07:14,368 INFO src.market_regime: Market regime: BULL (confidence: 95%) - SPY $689.43 is 6.3% above 200MA ($648.59), trending up. Bull market detected.
2026-02-21 19:07:15,027 INFO src.market_regime: Market regime: BULL (confidence: 95%) - SPY $689.43 is 6.3% above 200MA ($648.59), trending up. Bull market detected.
2026-02-21 19:07:15,647 INFO src.market_regime: Market regime: BULL (confidence: 95%) - SPY $689.43 is 6.3% above 200MA ($648.59), trending up. Bull market detected.
2026-02-21 19:07:16,143 INFO src.market_regime: Market regime: BULL (confidence: 95%) - SPY $689.43 is 6.3% above 200MA ($648.59), trending up. Bull market detected.
2026-02-21 19:07:33,731 INFO src.pipeline: Progress: 100/503
2026-02-21 19:07:56,179 INFO src.pipeline: Progress: 150/503
2026-02-21 19:08:18,800 INFO src.pipeline: Progress: 200/503
2026-02-21 19:08:40,407 INFO src.pipeline: Progress: 250/503
2026-02-21 19:09:03,409 INFO src.pipeline: Progress: 300/503
2026-02-21 19:09:26,495 INFO src.pipeline: Progress: 350/503
2026-02-21 19:09:49,606 INFO src.pipeline: Progress: 400/503
2026-02-21 19:10:11,362 INFO src.pipeline: Progress: 450/503
2026-02-21 19:10:33,032 INFO src.pipeline: Progress: 500/503
2026-02-21 19:10:35,008 INFO src.market_regime: Market regime: BULL (confidence: 95%) - SPY $689.43 is 6.3% above 200MA ($648.59), trending up. Bull market detected.
2026-02-21 19:10:35,008 INFO src.pipeline: Market regime detected: BULL (confidence: 95%)
2026-02-21 19:10:37,194 INFO src.pipeline: Analyzed 486 stocks
2026-02-21 19:10:37,194 INFO src.pipeline: After filtering: 486 stocks
2026-02-21 19:10:37,210 INFO src.pipeline: ML integration: 3 snapshots available, ML weight = 0% (insufficient data)
2026-02-21 19:10:37,210 INFO src.pipeline: Fetching smart money data for top 20 stocks (parallel)...
2026-02-21 19:10:38,708 INFO src.pipeline: Smart money fetch completed in 1.5s
2026-02-21 19:10:40,686 INFO src.streak_tracker: Updated streaks for 20 tickers
2026-02-21 19:10:40,714 INFO src.pipeline: Rotated scan results → prev_scan_results.json
2026-02-21 19:12:20,551 INFO src.universe: Loaded 503 tickers from cache
2026-02-21 19:12:20,552 INFO src.pipeline: Scanning 503 tickers with strategy 'balanced'...
2026-02-21 19:12:20,552 INFO src.pipeline: Using cached stock data (0.0h old)
2026-02-21 19:12:21,279 INFO src.market_regime: Market regime: BULL (confidence: 95%) - SPY $689.43 is 6.3% above 200MA ($648.59), trending up. Bull market detected.
2026-02-21 19:12:21,279 INFO src.pipeline: Market regime detected: BULL (confidence: 95%)
2026-02-21 19:12:23,419 INFO src.pipeline: Analyzed 486 stocks
2026-02-21 19:12:23,419 INFO src.pipeline: After filtering: 486 stocks
2026-02-21 19:12:23,434 INFO src.pipeline: ML integration: 3 snapshots available, ML weight = 0% (insufficient data)
2026-02-21 19:12:23,435 INFO src.pipeline: Fetching smart money data for top 20 stocks (parallel)...
2026-02-21 19:12:24,735 INFO src.pipeline: Smart money fetch completed in 1.3s
2026-02-21 19:12:24,737 INFO src.streak_tracker: Updated streaks for 20 tickers
2026-02-21 19:12:24,755 INFO src.pipeline: Rotated scan results → prev_scan_results.json
2026-02-21 19:12:43,516 INFO src.universe: Loaded 503 tickers from cache
2026-02-21 19:12:43,517 INFO src.pipeline: Scanning 503 tickers with strategy 'balanced'...
2026-02-21 19:12:43,517 INFO src.pipeline: Using cached stock data (0.0h old)
2026-02-21 19:12:44,189 INFO src.market_regime: Market regime: BULL (confidence: 95%) - SPY $689.43 is 6.3% above 200MA ($648.59), trending up. Bull market detected.
2026-02-21 19:12:44,189 INFO src.pipeline: Market regime detected: BULL (confidence: 95%)
2026-02-21 19:12:46,318 INFO src.pipeline: Analyzed 486 stocks
2026-02-21 19:12:46,318 INFO src.pipeline: After filtering: 486 stocks
2026-02-21 19:12:46,333 INFO src.pipeline: ML integration: 3 snapshots available, ML weight = 0% (insufficient data)
2026-02-21 19:12:46,334 INFO src.pipeline: Fetching smart money data for top 20 stocks (parallel)...
2026-02-21 19:12:47,712 INFO src.pipeline: Smart money fetch completed in 1.4s
2026-02-21 19:12:47,714 INFO src.streak_tracker: Updated streaks for 20 tickers
2026-02-21 19:12:47,732 INFO src.pipeline: Rotated scan results → prev_scan_results.json
2026-02-21 19:12:50,596 INFO src.universe: Loaded 503 tickers from cache
2026-02-21 19:12:50,597 INFO src.pipeline: Scanning 503 tickers with strategy 'balanced'...
2026-02-21 19:12:50,597 INFO src.pipeline: Using cached stock data (0.0h old)
2026-02-21 19:12:51,231 INFO src.market_regime: Market regime: BULL (confidence: 95%) - SPY $689.43 is 6.3% above 200MA ($648.59), trending up. Bull market detected.
2026-02-21 19:12:51,231 INFO src.pipeline: Market regime detected: BULL (confidence: 95%)
2026-02-21 19:12:53,355 INFO src.pipeline: Analyzed 486 stocks
2026-02-21 19:12:53,355 INFO src.pipeline: After filtering: 486 stocks
2026-02-21 19:12:53,370 INFO src.pipeline: ML integration: 3 snapshots available, ML weight = 0% (insufficient data)
2026-02-21 19:12:53,371 INFO src.pipeline: Fetching smart money data for top 20 stocks (parallel)...
2026-02-21 19:12:54,778 INFO src.pipeline: Smart money fetch completed in 1.4s
2026-02-21 19:12:54,781 INFO src.streak_tracker: Updated streaks for 20 tickers
2026-02-21 19:12:54,799 INFO src.pipeline: Rotated scan results → prev_scan_results.json
2026-02-21 19:16:41,433 INFO src.pipeline: Using cached stock data (0.1h old)
2026-02-21 19:16:41,831 INFO src.pipeline: Using cached stock data (0.1h old)
2026-02-21 19:16:43,616 INFO src.universe: Loaded 503 tickers from cache
2026-02-21 19:16:43,617 INFO src.pipeline: Scanning 503 tickers with strategy 'balanced'...
2026-02-21 19:16:43,617 INFO src.pipeline: Using cached stock data (0.1h old)
2026-02-21 19:16:44,262 INFO src.market_regime: Market regime: BULL (confidence: 95%) - SPY $689.43 is 6.3% above 200MA ($648.59), trending up. Bull market detected.
2026-02-21 19:16:44,262 INFO src.pipeline: Market regime detected: BULL (confidence: 95%)
2026-02-21 19:16:46,381 INFO src.pipeline: Analyzed 486 stocks
2026-02-21 19:16:46,381 INFO src.pipeline: After filtering: 486 stocks
2026-02-21 19:16:46,396 INFO src.pipeline: ML integration: 3 snapshots available, ML weight = 0% (insufficient data)
2026-02-21 19:16:46,397 INFO src.pipeline: Fetching smart money data for top 20 stocks (parallel)...
2026-02-21 19:16:48,047 INFO src.pipeline: Smart money fetch completed in 1.6s
2026-02-21 19:16:48,049 INFO src.streak_tracker: Updated streaks for 20 tickers
2026-02-21 19:16:48,069 INFO src.pipeline: Rotated scan results → prev_scan_results.json
2026-02-21 19:16:49,678 INFO src.pipeline: Using cached stock data (0.1h old)
2026-02-21 19:16:51,769 INFO src.universe: Loaded 503 tickers from cache
2026-02-21 19:16:51,769 INFO src.pipeline: Scanning 503 tickers with strategy 'balanced'...
2026-02-21 19:16:51,769 INFO src.pipeline: Using cached stock data (0.1h old)
2026-02-21 19:16:52,419 INFO src.market_regime: Market regime: BULL (confidence: 95%) - SPY $689.43 is 6.3% above 200MA ($648.59), trending up. Bull market detected.
2026-02-21 19:16:52,419 INFO src.pipeline: Market regime detected: BULL (confidence: 95%)
2026-02-21 19:16:54,560 INFO src.pipeline: Analyzed 486 stocks
2026-02-21 19:16:54,560 INFO src.pipeline: After filtering: 486 stocks
2026-02-21 19:16:54,575 INFO src.pipeline: ML integration: 3 snapshots available, ML weight = 0% (insufficient data)
2026-02-21 19:16:54,576 INFO src.pipeline: Fetching smart money data for top 20 stocks (parallel)...
2026-02-21 19:16:55,912 INFO src.pipeline: Smart money fetch completed in 1.3s
2026-02-21 19:16:55,914 INFO src.streak_tracker: Updated streaks for 20 tickers
2026-02-21 19:16:55,932 INFO src.pipeline: Rotated scan results → prev_scan_results.json
2026-02-21 19:17:00,396 INFO src.universe: Loaded 503 tickers from cache
2026-02-21 19:17:00,397 INFO src.pipeline: Scanning 503 tickers with strategy 'balanced'...
2026-02-21 19:17:00,397 INFO src.pipeline: Using cached stock data (0.1h old)
2026-02-21 19:17:01,556 INFO src.market_regime: Market regime: BULL (confidence: 95%) - SPY $689.43 is 6.3% above 200MA ($648.59), trending up. Bull market detected.
2026-02-21 19:17:01,556 INFO src.pipeline: Market regime detected: BULL (confidence: 95%)
2026-02-21 19:17:03,710 INFO src.pipeline: Analyzed 486 stocks
2026-02-21 19:17:03,710 INFO src.pipeline: After filtering: 486 stocks
2026-02-21 19:17:03,726 INFO src.pipeline: ML integration: 3 snapshots available, ML weight = 0% (insufficient data)
2026-02-21 19:17:03,726 INFO src.pipeline: Fetching smart money data for top 20 stocks (parallel)...
2026-02-21 19:17:04,982 INFO src.pipeline: Smart money fetch completed in 1.3s
2026-02-21 19:17:04,983 INFO src.streak_tracker: Updated streaks for 20 tickers
2026-02-21 19:17:04,995 INFO src.pipeline: Rotated scan results → prev_scan_results.json
2026-02-21 19:18:02,198 INFO src.pipeline: Using cached stock data (0.1h old)
2026-02-21 19:18:05,280 INFO src.pipeline: Using cached stock data (0.1h old)
2026-02-21 19:18:07,054 INFO src.universe: Loaded 503 tickers from cache
2026-02-21 19:18:07,055 INFO src.pipeline: Scanning 503 tickers with strategy 'balanced'...
2026-02-21 19:18:07,055 INFO src.pipeline: Using cached stock data (0.1h old)
2026-02-21 19:18:07,719 INFO src.market_regime: Market regime: BULL (confidence: 95%) - SPY $689.43 is 6.3% above 200MA ($648.59), trending up. Bull market detected.
2026-02-21 19:18:07,719 INFO src.pipeline: Market regime detected: BULL (confidence: 95%)
2026-02-21 19:18:09,852 INFO src.pipeline: Analyzed 486 stocks
2026-02-21 19:18:09,852 INFO src.pipeline: After filtering: 486 stocks
2026-02-21 19:18:09,868 INFO src.pipeline: ML integration: 3 snapshots available, ML weight = 0% (insufficient data)
2026-02-21 19:18:09,868 INFO src.pipeline: Fetching smart money data for top 20 stocks (parallel)...
2026-02-21 19:18:11,256 INFO src.pipeline: Smart money fetch completed in 1.4s
2026-02-21 19:18:11,260 INFO src.streak_tracker: Updated streaks for 20 tickers
2026-02-21 19:18:11,281 INFO src.pipeline: Rotated scan results → prev_scan_results.json
2026-02-21 19:18:13,116 INFO src.pipeline: Using cached stock data (0.1h old)
2026-02-21 19:23:33,966 INFO src.universe: Loaded 503 tickers from cache
2026-02-21 19:23:33,966 INFO src.pipeline: Scanning 503 tickers with strategy 'aggressive'...
2026-02-21 19:23:33,967 INFO src.pipeline: Using cached stock data (0.2h old)
2026-02-21 19:23:34,620 INFO src.market_regime: Market regime: BULL (confidence: 95%) - SPY $689.43 is 6.3% above 200MA ($648.59), trending up. Bull market detected.
2026-02-21 19:23:34,620 INFO src.pipeline: Market regime detected: BULL (confidence: 95%)
2026-02-21 19:23:36,807 INFO src.pipeline: Analyzed 486 stocks
2026-02-21 19:23:36,807 INFO src.pipeline: After filtering: 191 stocks
2026-02-21 19:23:36,818 INFO src.pipeline: ML integration: 3 snapshots available, ML weight = 0% (insufficient data)
2026-02-21 19:23:36,819 INFO src.pipeline: Fetching smart money data for top 20 stocks (parallel)...
2026-02-21 19:23:38,125 INFO src.pipeline: Smart money fetch completed in 1.3s
2026-02-21 19:23:39,004 INFO src.streak_tracker: Updated streaks for 20 tickers
2026-02-21 19:23:39,020 INFO src.pipeline: Rotated scan results → prev_scan_results.json
2026-02-21 19:23:40,014 INFO src.pipeline: Using cached stock data (0.2h old)
2026-02-21 19:24:50,936 INFO src.universe: Loaded 503 tickers from cache
2026-02-21 19:24:50,936 INFO src.pipeline: Scanning 503 tickers with strategy 'balanced'...
2026-02-21 19:24:50,936 INFO src.pipeline: Using cached stock data (0.2h old)
2026-02-21 19:24:51,697 INFO src.market_regime: Market regime: BULL (confidence: 95%) - SPY $689.43 is 6.3% above 200MA ($648.59), trending up. Bull market detected.
2026-02-21 19:24:51,697 INFO src.pipeline: Market regime detected: BULL (confidence: 95%)
2026-02-21 19:24:53,887 INFO src.pipeline: Analyzed 486 stocks
2026-02-21 19:24:53,887 INFO src.pipeline: After filtering: 486 stocks
2026-02-21 19:24:53,902 INFO src.pipeline: ML integration: 3 snapshots available, ML weight = 0% (insufficient data)
2026-02-21 19:24:53,902 INFO src.pipeline: Fetching smart money data for top 20 stocks (parallel)...
2026-02-21 19:24:55,256 INFO src.pipeline: Smart money fetch completed in 1.4s
2026-02-21 19:24:55,259 INFO src.streak_tracker: Updated streaks for 20 tickers
2026-02-21 19:24:55,277 INFO src.pipeline: Rotated scan results → prev_scan_results.json
2026-02-21 19:24:56,994 INFO src.pipeline: Using cached stock data (0.2h old)
2026-02-21 19:25:22,428 INFO src.universe: Loaded 503 tickers from cache
2026-02-21 19:25:22,428 INFO src.pipeline: Scanning 503 tickers with strategy 'aggressive'...
2026-02-21 19:25:22,429 INFO src.pipeline: Using cached stock data (0.2h old)
2026-02-21 19:25:23,130 INFO src.market_regime: Market regime: BULL (confidence: 95%) - SPY $689.43 is 6.3% above 200MA ($648.59), trending up. Bull market detected.
2026-02-21 19:25:23,131 INFO src.pipeline: Market regime detected: BULL (confidence: 95%)
2026-02-21 19:25:25,260 INFO src.pipeline: Analyzed 486 stocks
2026-02-21 19:25:25,261 INFO src.pipeline: After filtering: 191 stocks
2026-02-21 19:25:25,271 INFO src.pipeline: ML integration: 3 snapshots available, ML weight = 0% (insufficient data)
2026-02-21 19:25:25,272 INFO src.pipeline: Fetching smart money data for top 20 stocks (parallel)...
2026-02-21 19:25:26,966 INFO src.pipeline: Smart money fetch completed in 1.7s
2026-02-21 19:25:26,968 INFO src.streak_tracker: Updated streaks for 20 tickers
2026-02-21 19:25:26,977 INFO src.pipeline: Rotated scan results → prev_scan_results.json
2026-02-21 19:37:55,261 INFO src.universe: Loaded 503 tickers from cache
2026-02-21 19:37:55,261 INFO src.pipeline: Scanning 503 tickers with strategy 'conservative'...
2026-02-21 19:37:55,261 INFO src.pipeline: Using cached stock data (0.5h old)
2026-02-21 19:37:55,941 INFO src.market_regime: Market regime: BULL (confidence: 95%) - SPY $689.43 is 6.3% above 200MA ($648.59), trending up. Bull market detected.
2026-02-21 19:37:55,941 INFO src.pipeline: Market regime detected: BULL (confidence: 95%)
2026-02-21 19:37:58,010 INFO src.pipeline: Analyzed 469 stocks
2026-02-21 19:37:58,011 INFO src.pipeline: After filtering: 253 stocks
2026-02-21 19:37:58,023 INFO src.pipeline: ML integration: 3 snapshots available, ML weight = 0% (insufficient data)
2026-02-21 19:37:58,024 INFO src.pipeline: Fetching smart money data for top 20 stocks (parallel)...
2026-02-21 19:37:59,394 INFO src.pipeline: Smart money fetch completed in 1.4s
2026-02-21 19:38:00,148 INFO src.streak_tracker: Updated streaks for 20 tickers
2026-02-21 19:38:00,164 INFO src.pipeline: Rotated scan results → prev_scan_results.json
2026-02-21 19:39:46,311 INFO src.universe: Loaded 503 tickers from cache
2026-02-21 19:39:46,311 INFO src.pipeline: Scanning 503 tickers with strategy 'conservative'...
2026-02-21 19:39:46,311 INFO src.pipeline: Using cached stock data (0.5h old)
2026-02-21 19:39:46,733 INFO src.market_regime: Market regime: BULL (confidence: 95%) - SPY $689.43 is 6.3% above 200MA ($648.59), trending up. Bull market detected.
2026-02-21 19:39:46,734 INFO src.pipeline: Market regime detected: BULL (confidence: 95%)
2026-02-21 19:39:48,805 INFO src.pipeline: Analyzed 469 stocks
2026-02-21 19:39:48,806 INFO src.pipeline: After filtering: 253 stocks
2026-02-21 19:39:48,817 INFO src.pipeline: ML integration: 3 snapshots available, ML weight = 0% (insufficient data)
2026-02-21 19:39:48,817 INFO src.pipeline: Fetching smart money data for top 20 stocks (parallel)...
2026-02-21 19:39:50,461 INFO src.pipeline: Smart money fetch completed in 1.6s
2026-02-21 19:39:50,463 INFO src.streak_tracker: Updated streaks for 20 tickers
2026-02-21 19:39:50,474 INFO src.pipeline: Rotated scan results → prev_scan_results.json
2026-02-21 19:39:51,952 INFO src.universe: Loaded 503 tickers from cache
2026-02-21 19:39:51,952 INFO src.pipeline: Scanning 503 tickers with strategy 'aggressive'...
2026-02-21 19:39:51,952 INFO src.pipeline: Using cached stock data (0.5h old)
2026-02-21 19:39:52,575 INFO src.market_regime: Market regime: BULL (confidence: 95%) - SPY $689.43 is 6.3% above 200MA ($648.59), trending up. Bull market detected.
2026-02-21 19:39:52,575 INFO src.pipeline: Market regime detected: BULL (confidence: 95%)
2026-02-21 19:39:54,722 INFO src.pipeline: Analyzed 486 stocks
2026-02-21 19:39:54,723 INFO src.pipeline: After filtering: 191 stocks
2026-02-21 19:39:54,733 INFO src.pipeline: ML integration: 3 snapshots available, ML weight = 0% (insufficient data)
2026-02-21 19:39:54,734 INFO src.pipeline: Fetching smart money data for top 20 stocks (parallel)...
2026-02-21 19:39:56,099 INFO src.pipeline: Smart money fetch completed in 1.4s
2026-02-21 19:39:56,101 INFO src.streak_tracker: Updated streaks for 20 tickers
2026-02-21 19:39:56,107 INFO src.pipeline: Rotated scan results → prev_scan_results.json
2026-02-21 19:39:58,003 INFO src.pipeline: Using cached stock data (0.5h old)
2026-02-21 19:40:23,038 INFO src.universe: Loaded 503 tickers from cache
2026-02-21 19:40:23,038 INFO src.pipeline: Scanning 503 tickers with strategy 'balanced'...
2026-02-21 19:40:23,038 INFO src.pipeline: Using cached stock data (0.5h old)
2026-02-21 19:40:23,736 INFO src.market_regime: Market regime: BULL (confidence: 95%) - SPY $689.43 is 6.3% above 200MA ($648.59), trending up. Bull market detected.
2026-02-21 19:40:23,736 INFO src.pipeline: Market regime detected: BULL (confidence: 95%)
2026-02-21 19:40:25,896 INFO src.pipeline: Analyzed 486 stocks
2026-02-21 19:40:25,896 INFO src.pipeline: After filtering: 486 stocks
2026-02-21 19:40:25,911 INFO src.pipeline: ML integration: 3 snapshots available, ML weight = 0% (insufficient data)
2026-02-21 19:40:25,912 INFO src.pipeline: Fetching smart money data for top 20 stocks (parallel)...
2026-02-21 19:40:27,270 INFO src.pipeline: Smart money fetch completed in 1.4s
2026-02-21 19:40:27,271 INFO src.streak_tracker: Updated streaks for 20 tickers
2026-02-21 19:40:27,283 INFO src.pipeline: Rotated scan results → prev_scan_results.json
2026-02-21 19:40:29,091 INFO src.pipeline: Using cached stock data (0.5h old)
2026-02-21 19:40:35,797 INFO src.pipeline: Using cached stock data (0.5h old)
2026-02-21 19:40:36,399 INFO src.market_regime: Market regime: BULL (confidence: 95%) - SPY $689.43 is 6.3% above 200MA ($648.59), trending up. Bull market detected.
/Users/zhuorantang/Library/Python/3.9/lib/python/site-packages/yfinance/scrapers/fundamentals.py:36: DeprecationWarning: 'Ticker.earnings' is deprecated as not available via API. Look for "Net Income" in Ticker.income_stmt.
  warnings.warn("'Ticker.earnings' is deprecated as not available via API. Look for \"Net Income\" in Ticker.income_stmt.", DeprecationWarning)
2026-02-21 19:43:29,412 INFO src.pipeline: Using cached stock data (0.5h old)
2026-02-21 19:43:30,122 INFO src.market_regime: Market regime: BULL (confidence: 95%) - SPY $689.43 is 6.3% above 200MA ($648.59), trending up. Bull market detected.
/Users/zhuorantang/clawd/stock-picker/src/accuracy.py:152: FutureWarning: YF.download() has changed argument auto_adjust default to True
  batch = yf.download(unique_tickers, period="1d", progress=False)
2026-02-21 19:46:12,109 INFO src.accuracy: Accuracy: batch fetched 25/25 ticker prices
2026-02-21 19:47:34,428 INFO src.pipeline: Using cached stock data (0.6h old)
2026-02-21 19:47:35,229 INFO src.market_regime: Market regime: BULL (confidence: 95%) - SPY $689.43 is 6.3% above 200MA ($648.59), trending up. Bull market detected.
/Users/zhuorantang/Library/Python/3.9/lib/python/site-packages/yfinance/scrapers/fundamentals.py:36: DeprecationWarning: 'Ticker.earnings' is deprecated as not available via API. Look for "Net Income" in Ticker.income_stmt.
  warnings.warn("'Ticker.earnings' is deprecated as not available via API. Look for \"Net Income\" in Ticker.income_stmt.", DeprecationWarning)
2026-02-21 22:07:32,906 INFO src.universe: Loaded 503 tickers from cache
2026-02-21 22:07:32,907 INFO src.pipeline: Scanning 503 tickers with strategy 'balanced'...
2026-02-21 22:07:32,907 INFO src.pipeline: Using cached stock data (2.9h old)
2026-02-21 22:07:33,642 INFO src.market_regime: Market regime: BULL (confidence: 95%) - SPY $689.43 is 6.3% above 200MA ($648.59), trending up. Bull market detected.
2026-02-21 22:07:33,642 INFO src.pipeline: Market regime detected: BULL (confidence: 95%)
2026-02-21 22:07:35,807 INFO src.pipeline: Analyzed 486 stocks
2026-02-21 22:07:35,807 INFO src.pipeline: After filtering: 486 stocks
2026-02-21 22:07:35,823 INFO src.pipeline: ML integration: 3 snapshots available, ML weight = 0% (insufficient data)
2026-02-21 22:07:35,823 INFO src.pipeline: Fetching smart money data for top 20 stocks (parallel)...
2026-02-21 22:07:37,282 INFO src.pipeline: Smart money fetch completed in 1.5s
2026-02-21 22:07:39,085 INFO src.streak_tracker: Updated streaks for 20 tickers
2026-02-21 22:07:39,112 INFO src.pipeline: Rotated scan results → prev_scan_results.json
2026-02-21 22:08:01,075 INFO src.pipeline: Using cached stock data (3.0h old)
2026-02-21 22:08:01,706 INFO src.market_regime: Market regime: BULL (confidence: 95%) - SPY $689.43 is 6.3% above 200MA ($648.59), trending up. Bull market detected.
/Users/zhuorantang/Library/Python/3.9/lib/python/site-packages/yfinance/scrapers/fundamentals.py:36: DeprecationWarning: 'Ticker.earnings' is deprecated as not available via API. Look for "Net Income" in Ticker.income_stmt.
  warnings.warn("'Ticker.earnings' is deprecated as not available via API. Look for \"Net Income\" in Ticker.income_stmt.", DeprecationWarning)
2026-02-21 22:08:32,707 INFO src.pipeline: Using cached stock data (3.0h old)
2026-02-21 22:08:33,179 INFO src.market_regime: Market regime: BULL (confidence: 95%) - SPY $689.43 is 6.3% above 200MA ($648.59), trending up. Bull market detected.
/Users/zhuorantang/Library/Python/3.9/lib/python/site-packages/yfinance/scrapers/fundamentals.py:36: DeprecationWarning: 'Ticker.earnings' is deprecated as not available via API. Look for "Net Income" in Ticker.income_stmt.
  warnings.warn("'Ticker.earnings' is deprecated as not available via API. Look for \"Net Income\" in Ticker.income_stmt.", DeprecationWarning)
INFO:     Shutting down
INFO:     Waiting for application shutdown.
INFO:     Application shutdown complete.
INFO:     Finished server process [10188]
INFO:     Started server process [19377]
INFO:     Waiting for application startup.
INFO:     Application startup complete.
INFO:     Uvicorn running on http://0.0.0.0:8000 (Press CTRL+C to quit)
2026-02-21 22:10:01,123 INFO src.pipeline: Using cached stock data (3.0h old)
2026-02-21 22:10:02,049 INFO src.market_regime: Market regime: BULL (confidence: 95%) - SPY $689.43 is 6.3% above 200MA ($648.59), trending up. Bull market detected.
/Users/zhuorantang/Library/Python/3.9/lib/python/site-packages/yfinance/scrapers/fundamentals.py:36: DeprecationWarning: 'Ticker.earnings' is deprecated as not available via API. Look for "Net Income" in Ticker.income_stmt.
  warnings.warn("'Ticker.earnings' is deprecated as not available via API. Look for \"Net Income\" in Ticker.income_stmt.", DeprecationWarning)
2026-02-21 22:10:10,995 INFO src.pipeline: Using cached stock data (3.0h old)
2026-02-21 22:10:11,386 INFO src.market_regime: Market regime: BULL (confidence: 95%) - SPY $689.43 is 6.3% above 200MA ($648.59), trending up. Bull market detected.
/Users/zhuorantang/Library/Python/3.9/lib/python/site-packages/yfinance/scrapers/fundamentals.py:36: DeprecationWarning: 'Ticker.earnings' is deprecated as not available via API. Look for "Net Income" in Ticker.income_stmt.
  warnings.warn("'Ticker.earnings' is deprecated as not available via API. Look for \"Net Income\" in Ticker.income_stmt.", DeprecationWarning)
2026-02-21 22:10:11,520 INFO src.pipeline: Using cached stock data (3.0h old)
2026-02-21 22:10:11,790 INFO src.market_regime: Market regime: BULL (confidence: 95%) - SPY $689.43 is 6.3% above 200MA ($648.59), trending up. Bull market detected.
/Users/zhuorantang/Library/Python/3.9/lib/python/site-packages/yfinance/scrapers/fundamentals.py:36: DeprecationWarning: 'Ticker.earnings' is deprecated as not available via API. Look for "Net Income" in Ticker.income_stmt.
  warnings.warn("'Ticker.earnings' is deprecated as not available via API. Look for \"Net Income\" in Ticker.income_stmt.", DeprecationWarning)
2026-02-21 22:15:41,489 INFO src.pipeline: Using cached stock data (3.1h old)
2026-02-21 22:15:44,435 INFO src.universe: Loaded 503 tickers from cache
2026-02-21 22:15:44,436 INFO src.pipeline: Scanning 503 tickers with strategy 'balanced'...
2026-02-21 22:15:44,436 INFO src.pipeline: Using cached stock data (3.1h old)
2026-02-21 22:15:45,114 INFO src.market_regime: Market regime: BULL (confidence: 95%) - SPY $689.43 is 6.3% above 200MA ($648.59), trending up. Bull market detected.
2026-02-21 22:15:45,114 INFO src.pipeline: Market regime detected: BULL (confidence: 95%)
2026-02-21 22:15:47,300 INFO src.pipeline: Analyzed 486 stocks
2026-02-21 22:15:47,300 INFO src.pipeline: After filtering: 486 stocks
2026-02-21 22:15:47,317 INFO src.pipeline: ML integration: 3 snapshots available, ML weight = 0% (insufficient data)
2026-02-21 22:15:47,318 INFO src.pipeline: Fetching smart money data for top 20 stocks (parallel)...
2026-02-21 22:15:48,839 INFO src.pipeline: Smart money fetch completed in 1.5s
2026-02-21 22:15:50,521 INFO src.streak_tracker: Updated streaks for 20 tickers
2026-02-21 22:15:50,549 INFO src.pipeline: Rotated scan results → prev_scan_results.json
2026-02-21 22:15:52,505 INFO src.pipeline: Using cached stock data (3.1h old)
2026-02-21 22:16:07,287 INFO src.pipeline: Using cached stock data (3.1h old)
2026-02-21 22:16:07,896 INFO src.market_regime: Market regime: BULL (confidence: 95%) - SPY $689.43 is 6.3% above 200MA ($648.59), trending up. Bull market detected.
2026-02-21 22:20:51,036 INFO src.pipeline: Using cached stock data (3.2h old)
2026-02-21 22:24:08,605 INFO src.universe: Loaded 503 tickers from cache
2026-02-21 22:24:08,605 INFO src.pipeline: Scanning 503 tickers with strategy 'conservative'...
2026-02-21 22:24:08,606 INFO src.pipeline: Using cached stock data (3.2h old)
2026-02-21 22:24:09,277 INFO src.market_regime: Market regime: BULL (confidence: 95%) - SPY $689.43 is 6.3% above 200MA ($648.59), trending up. Bull market detected.
2026-02-21 22:24:09,277 INFO src.pipeline: Market regime detected: BULL (confidence: 95%)
2026-02-21 22:24:11,342 INFO src.pipeline: Analyzed 469 stocks
2026-02-21 22:24:11,342 INFO src.pipeline: After filtering: 253 stocks
2026-02-21 22:24:11,353 INFO src.pipeline: ML integration: 3 snapshots available, ML weight = 0% (insufficient data)
2026-02-21 22:24:11,354 INFO src.pipeline: Fetching smart money data for top 20 stocks (parallel)...
2026-02-21 22:24:12,676 INFO src.pipeline: Smart money fetch completed in 1.3s
2026-02-21 22:24:13,477 INFO src.streak_tracker: Updated streaks for 20 tickers
2026-02-21 22:24:13,494 INFO src.pipeline: Rotated scan results → prev_scan_results.json
2026-02-21 22:24:13,514 INFO src.universe: Loaded 503 tickers from cache
2026-02-21 22:24:13,515 INFO src.pipeline: Scanning 503 tickers with strategy 'balanced'...
2026-02-21 22:24:13,515 INFO src.pipeline: Using cached stock data (3.2h old)
2026-02-21 22:24:13,886 INFO src.market_regime: Market regime: BULL (confidence: 95%) - SPY $689.43 is 6.3% above 200MA ($648.59), trending up. Bull market detected.
2026-02-21 22:24:13,886 INFO src.pipeline: Market regime detected: BULL (confidence: 95%)
2026-02-21 22:24:16,017 INFO src.pipeline: Analyzed 486 stocks
2026-02-21 22:24:16,017 INFO src.pipeline: After filtering: 486 stocks
2026-02-21 22:24:16,033 INFO src.pipeline: ML integration: 3 snapshots available, ML weight = 0% (insufficient data)
2026-02-21 22:24:16,033 INFO src.pipeline: Fetching smart money data for top 20 stocks (parallel)...
2026-02-21 22:24:17,321 INFO src.pipeline: Smart money fetch completed in 1.3s
2026-02-21 22:24:17,323 INFO src.streak_tracker: Updated streaks for 20 tickers
2026-02-21 22:24:17,337 INFO src.pipeline: Rotated scan results → prev_scan_results.json
2026-02-21 22:24:17,347 INFO src.universe: Loaded 503 tickers from cache
2026-02-21 22:24:17,347 INFO src.pipeline: Scanning 503 tickers with strategy 'aggressive'...
2026-02-21 22:24:17,347 INFO src.pipeline: Using cached stock data (3.2h old)
2026-02-21 22:24:17,735 INFO src.market_regime: Market regime: BULL (confidence: 95%) - SPY $689.43 is 6.3% above 200MA ($648.59), trending up. Bull market detected.
2026-02-21 22:24:17,735 INFO src.pipeline: Market regime detected: BULL (confidence: 95%)
2026-02-21 22:24:19,880 INFO src.pipeline: Analyzed 486 stocks
2026-02-21 22:24:19,880 INFO src.pipeline: After filtering: 191 stocks
2026-02-21 22:24:19,892 INFO src.pipeline: ML integration: 3 snapshots available, ML weight = 0% (insufficient data)
2026-02-21 22:24:19,892 INFO src.pipeline: Fetching smart money data for top 20 stocks (parallel)...
2026-02-21 22:24:21,278 INFO src.pipeline: Smart money fetch completed in 1.4s
2026-02-21 22:24:22,236 INFO src.streak_tracker: Updated streaks for 20 tickers
2026-02-21 22:24:22,251 INFO src.pipeline: Rotated scan results → prev_scan_results.json
2026-02-21 22:46:01,492 INFO src.pipeline: Using cached stock data (3.6h old)
2026-02-22 08:00:27,110 INFO src.universe: Loaded 503 tickers from cache
2026-02-22 08:00:27,111 INFO src.pipeline: Scanning 503 tickers with strategy 'balanced'...
2026-02-22 08:00:27,111 INFO src.pipeline: Using cached stock data (12.8h old)
2026-02-22 08:00:27,834 INFO src.market_regime: Market regime: BULL (confidence: 95%) - SPY $689.43 is 6.3% above 200MA ($648.59), trending up. Bull market detected.
2026-02-22 08:00:27,834 INFO src.pipeline: Market regime detected: BULL (confidence: 95%)
2026-02-22 08:00:29,971 INFO src.pipeline: Analyzed 486 stocks
2026-02-22 08:00:29,971 INFO src.pipeline: After filtering: 486 stocks
2026-02-22 08:00:29,987 INFO src.pipeline: ML integration: 3 snapshots available, ML weight = 0% (insufficient data)
2026-02-22 08:00:29,987 INFO src.pipeline: Fetching smart money data for top 20 stocks (parallel)...
2026-02-22 08:00:31,313 INFO src.pipeline: Smart money fetch completed in 1.3s
2026-02-22 08:00:33,112 INFO src.streak_tracker: Updated streaks for 20 tickers
2026-02-22 08:00:33,139 INFO src.pipeline: Rotated scan results → prev_scan_results.json
2026-02-22 08:00:33,147 INFO src.pipeline: Saved daily snapshot: /Users/zhuorantang/clawd/stock-picker/data/daily_snapshots/2026-02-22.json
2026-02-22 18:44:24,655 INFO src.universe: Loaded 503 tickers from cache
2026-02-22 18:44:24,655 INFO src.pipeline: Scanning 503 tickers with strategy 'balanced'...
2026-02-22 18:44:24,655 INFO src.pipeline: Using cached stock data (23.6h old)
/Users/zhuorantang/clawd/stock-picker/src/accuracy.py:152: FutureWarning: YF.download() has changed argument auto_adjust default to True
  batch = yf.download(unique_tickers, period="1d", progress=False)
2026-02-22 18:44:25,713 INFO src.market_regime: Market regime: BULL (confidence: 95%) - SPY $689.43 is 6.3% above 200MA ($648.59), trending up. Bull market detected.
2026-02-22 18:44:25,713 INFO src.pipeline: Market regime detected: BULL (confidence: 95%)
2026-02-22 18:44:25,787 INFO src.accuracy: Accuracy: batch fetched 25/25 ticker prices
2026-02-22 18:44:27,920 INFO src.pipeline: Analyzed 486 stocks
2026-02-22 18:44:27,920 INFO src.pipeline: After filtering: 486 stocks
2026-02-22 18:44:27,938 INFO src.pipeline: ML integration: 4 snapshots available, ML weight = 0% (insufficient data)
2026-02-22 18:44:27,939 INFO src.pipeline: Fetching smart money data for top 20 stocks (parallel)...
2026-02-22 18:44:29,529 INFO src.pipeline: Smart money fetch completed in 1.6s
2026-02-22 18:44:31,303 INFO src.streak_tracker: Updated streaks for 20 tickers
2026-02-22 18:44:31,330 INFO src.pipeline: Rotated scan results → prev_scan_results.json
2026-02-22 18:44:36,063 INFO src.universe: Loaded 503 tickers from cache
2026-02-22 18:44:36,064 INFO src.pipeline: Scanning 503 tickers with strategy 'balanced'...
2026-02-22 18:44:36,064 INFO src.pipeline: Using cached stock data (23.6h old)
2026-02-22 18:44:36,802 INFO src.market_regime: Market regime: BULL (confidence: 95%) - SPY $689.43 is 6.3% above 200MA ($648.59), trending up. Bull market detected.
2026-02-22 18:44:36,803 INFO src.pipeline: Market regime detected: BULL (confidence: 95%)
2026-02-22 18:44:38,958 INFO src.pipeline: Analyzed 486 stocks
2026-02-22 18:44:38,959 INFO src.pipeline: After filtering: 486 stocks
2026-02-22 18:44:38,974 INFO src.pipeline: ML integration: 4 snapshots available, ML weight = 0% (insufficient data)
2026-02-22 18:44:38,975 INFO src.pipeline: Fetching smart money data for top 20 stocks (parallel)...
2026-02-22 18:44:40,304 INFO src.pipeline: Smart money fetch completed in 1.3s
2026-02-22 18:44:40,307 INFO src.streak_tracker: Updated streaks for 20 tickers
2026-02-22 18:44:40,327 INFO src.pipeline: Rotated scan results → prev_scan_results.json
2026-02-22 19:14:50,904 INFO src.universe: Fetching S&P 500 tickers from Wikipedia...
/Users/zhuorantang/Library/Python/3.9/lib/python/site-packages/urllib3/__init__.py:35: NotOpenSSLWarning: urllib3 v2 only supports OpenSSL 1.1.1+, currently the 'ssl' module is compiled with 'LibreSSL 2.8.3'. See: https://github.com/urllib3/urllib3/issues/3020
  warnings.warn(
2026-02-22 19:14:51,445 INFO src.universe: Fetched 503 tickers
2026-02-22 19:14:51,446 INFO src.pipeline: Scanning 503 tickers with strategy 'balanced'...
2026-02-22 19:14:51,446 INFO src.pipeline: Fetching data for 503 stocks...
2026-02-22 19:15:13,796 INFO src.pipeline: Progress: 50/503
2026-02-22 19:15:35,788 INFO src.pipeline: Progress: 100/503
2026-02-22 19:15:57,420 INFO src.pipeline: Progress: 150/503
2026-02-22 19:16:19,842 INFO src.pipeline: Progress: 200/503
2026-02-22 19:16:41,542 INFO src.pipeline: Progress: 250/503
2026-02-22 19:17:03,314 INFO src.pipeline: Progress: 300/503
2026-02-22 19:17:24,784 INFO src.pipeline: Progress: 350/503
2026-02-22 19:17:46,768 INFO src.pipeline: Progress: 400/503
2026-02-22 19:18:07,668 INFO src.pipeline: Progress: 450/503
2026-02-22 19:18:29,114 INFO src.pipeline: Progress: 500/503
2026-02-22 19:18:31,141 INFO src.market_regime: Market regime: BULL (confidence: 95%) - SPY $689.43 is 6.3% above 200MA ($648.59), trending up. Bull market detected.
2026-02-22 19:18:31,141 INFO src.pipeline: Market regime detected: BULL (confidence: 95%)
2026-02-22 19:18:33,395 INFO src.pipeline: Analyzed 486 stocks
2026-02-22 19:18:33,395 INFO src.pipeline: After filtering: 486 stocks
2026-02-22 19:18:33,411 INFO src.pipeline: ML integration: 4 snapshots available, ML weight = 0% (insufficient data)
2026-02-22 19:18:33,412 INFO src.pipeline: Fetching smart money data for top 20 stocks (parallel)...
2026-02-22 19:18:34,940 INFO src.pipeline: Smart money fetch completed in 1.5s
2026-02-22 19:18:35,023 INFO src.streak_tracker: Updated streaks for 20 tickers
2026-02-22 19:18:35,052 INFO src.pipeline: Rotated scan results → prev_scan_results.json
2026-02-22 19:18:35,898 INFO src.pipeline: Using cached stock data (0.0h old)
2026-02-22 19:20:11,656 INFO src.universe: Loaded 503 tickers from cache
2026-02-22 19:20:11,657 INFO src.pipeline: Scanning 503 tickers with strategy 'balanced'...
2026-02-22 19:20:11,657 INFO src.pipeline: Using cached stock data (0.0h old)
2026-02-22 19:20:12,354 INFO src.market_regime: Market regime: BULL (confidence: 95%) - SPY $689.43 is 6.3% above 200MA ($648.59), trending up. Bull market detected.
2026-02-22 19:20:12,355 INFO src.pipeline: Market regime detected: BULL (confidence: 95%)
2026-02-22 19:20:14,520 INFO src.pipeline: Analyzed 486 stocks
2026-02-22 19:20:14,520 INFO src.pipeline: After filtering: 486 stocks
2026-02-22 19:20:14,536 INFO src.pipeline: ML integration: 4 snapshots available, ML weight = 0% (insufficient data)
2026-02-22 19:20:14,537 INFO src.pipeline: Fetching smart money data for top 20 stocks (parallel)...
2026-02-22 19:20:16,310 INFO src.pipeline: Smart money fetch completed in 1.8s
2026-02-22 19:20:16,312 INFO src.streak_tracker: Updated streaks for 20 tickers
2026-02-22 19:20:16,332 INFO src.pipeline: Rotated scan results → prev_scan_results.json
2026-02-22 19:22:32,331 INFO src.pipeline: Using cached stock data (0.1h old)
2026-02-22 19:22:33,052 INFO src.market_regime: Market regime: BULL (confidence: 95%) - SPY $689.43 is 6.3% above 200MA ($648.59), trending up. Bull market detected.
2026-02-22 19:22:33,080 INFO src.pipeline: Using cached stock data (0.1h old)
2026-02-22 19:22:33,336 INFO src.market_regime: Market regime: BULL (confidence: 95%) - SPY $689.43 is 6.3% above 200MA ($648.59), trending up. Bull market detected.
2026-02-22 19:22:33,352 INFO src.pipeline: Using cached stock data (0.1h old)
2026-02-22 19:22:33,595 INFO src.market_regime: Market regime: BULL (confidence: 95%) - SPY $689.43 is 6.3% above 200MA ($648.59), trending up. Bull market detected.
2026-02-22 19:22:33,613 INFO src.pipeline: Using cached stock data (0.1h old)
2026-02-22 19:22:33,848 INFO src.market_regime: Market regime: BULL (confidence: 95%) - SPY $689.43 is 6.3% above 200MA ($648.59), trending up. Bull market detected.
2026-02-22 19:22:33,862 INFO src.pipeline: Using cached stock data (0.1h old)
2026-02-22 19:22:34,222 INFO src.market_regime: Market regime: BULL (confidence: 95%) - SPY $689.43 is 6.3% above 200MA ($648.59), trending up. Bull market detected.
2026-02-22 19:22:34,249 INFO src.pipeline: Using cached stock data (0.1h old)
2026-02-22 19:22:34,477 INFO src.market_regime: Market regime: BULL (confidence: 95%) - SPY $689.43 is 6.3% above 200MA ($648.59), trending up. Bull market detected.
2026-02-22 19:22:34,491 INFO src.pipeline: Using cached stock data (0.1h old)
2026-02-22 19:22:34,802 INFO src.market_regime: Market regime: BULL (confidence: 95%) - SPY $689.43 is 6.3% above 200MA ($648.59), trending up. Bull market detected.
2026-02-22 19:22:34,827 INFO src.pipeline: Using cached stock data (0.1h old)
2026-02-22 19:22:35,113 INFO src.market_regime: Market regime: BULL (confidence: 95%) - SPY $689.43 is 6.3% above 200MA ($648.59), trending up. Bull market detected.
2026-02-22 19:22:35,137 INFO src.pipeline: Using cached stock data (0.1h old)
2026-02-22 19:22:35,369 INFO src.market_regime: Market regime: BULL (confidence: 95%) - SPY $689.43 is 6.3% above 200MA ($648.59), trending up. Bull market detected.
2026-02-22 19:22:35,383 INFO src.pipeline: Using cached stock data (0.1h old)
2026-02-22 19:22:35,609 INFO src.market_regime: Market regime: BULL (confidence: 95%) - SPY $689.43 is 6.3% above 200MA ($648.59), trending up. Bull market detected.
2026-02-22 19:22:35,624 INFO src.pipeline: Using cached stock data (0.1h old)
2026-02-22 19:22:35,872 INFO src.market_regime: Market regime: BULL (confidence: 95%) - SPY $689.43 is 6.3% above 200MA ($648.59), trending up. Bull market detected.
2026-02-22 19:22:35,889 INFO src.pipeline: Using cached stock data (0.1h old)
2026-02-22 19:22:36,307 INFO src.market_regime: Market regime: BULL (confidence: 95%) - SPY $689.43 is 6.3% above 200MA ($648.59), trending up. Bull market detected.
2026-02-22 19:22:36,334 INFO src.pipeline: Using cached stock data (0.1h old)
2026-02-22 19:22:36,588 INFO src.market_regime: Market regime: BULL (confidence: 95%) - SPY $689.43 is 6.3% above 200MA ($648.59), trending up. Bull market detected.
2026-02-22 19:22:36,603 INFO src.pipeline: Using cached stock data (0.1h old)
2026-02-22 19:22:36,895 INFO src.market_regime: Market regime: BULL (confidence: 95%) - SPY $689.43 is 6.3% above 200MA ($648.59), trending up. Bull market detected.
2026-02-22 19:22:36,920 INFO src.pipeline: Using cached stock data (0.1h old)
2026-02-22 19:22:37,260 INFO src.market_regime: Market regime: BULL (confidence: 95%) - SPY $689.43 is 6.3% above 200MA ($648.59), trending up. Bull market detected.
2026-02-22 19:22:37,287 INFO src.pipeline: Using cached stock data (0.1h old)
2026-02-22 19:22:37,495 INFO src.market_regime: Market regime: BULL (confidence: 95%) - SPY $689.43 is 6.3% above 200MA ($648.59), trending up. Bull market detected.
2026-02-22 19:22:37,509 INFO src.pipeline: Using cached stock data (0.1h old)
2026-02-22 19:22:37,749 INFO src.market_regime: Market regime: BULL (confidence: 95%) - SPY $689.43 is 6.3% above 200MA ($648.59), trending up. Bull market detected.
2026-02-22 19:22:37,765 INFO src.pipeline: Using cached stock data (0.1h old)
2026-02-22 19:22:38,008 INFO src.market_regime: Market regime: BULL (confidence: 95%) - SPY $689.43 is 6.3% above 200MA ($648.59), trending up. Bull market detected.
2026-02-22 19:22:38,025 INFO src.pipeline: Using cached stock data (0.1h old)
2026-02-22 19:22:38,365 INFO src.market_regime: Market regime: BULL (confidence: 95%) - SPY $689.43 is 6.3% above 200MA ($648.59), trending up. Bull market detected.
2026-02-22 19:22:38,392 INFO src.pipeline: Using cached stock data (0.1h old)
2026-02-22 19:22:38,627 INFO src.market_regime: Market regime: BULL (confidence: 95%) - SPY $689.43 is 6.3% above 200MA ($648.59), trending up. Bull market detected.
2026-02-22 19:25:18,146 INFO src.universe: Loaded 503 tickers from cache
2026-02-22 19:25:18,146 INFO src.pipeline: Scanning 503 tickers with strategy 'balanced'...
2026-02-22 19:25:18,147 INFO src.pipeline: Using cached stock data (0.1h old)
2026-02-22 19:25:18,815 INFO src.market_regime: Market regime: BULL (confidence: 95%) - SPY $689.43 is 6.3% above 200MA ($648.59), trending up. Bull market detected.
2026-02-22 19:25:18,815 INFO src.pipeline: Market regime detected: BULL (confidence: 95%)
2026-02-22 19:25:21,163 INFO src.pipeline: Analyzed 486 stocks
2026-02-22 19:25:21,163 INFO src.pipeline: After filtering: 486 stocks
2026-02-22 19:25:21,178 INFO src.pipeline: ML integration: 4 snapshots available, ML weight = 0% (insufficient data)
2026-02-22 19:25:21,179 INFO src.pipeline: Fetching smart money data for top 20 stocks (parallel)...
2026-02-22 19:25:22,652 INFO src.pipeline: Smart money fetch completed in 1.5s
2026-02-22 19:25:22,655 INFO src.streak_tracker: Updated streaks for 20 tickers
2026-02-22 19:25:22,675 INFO src.pipeline: Rotated scan results → prev_scan_results.json
2026-02-22 19:26:50,416 INFO src.universe: Loaded 503 tickers from cache
2026-02-22 19:26:50,416 INFO src.pipeline: Scanning 503 tickers with strategy 'balanced'...
2026-02-22 19:26:50,416 INFO src.pipeline: Using cached stock data (0.1h old)
2026-02-22 19:26:51,089 INFO src.market_regime: Market regime: BULL (confidence: 95%) - SPY $689.43 is 6.3% above 200MA ($648.59), trending up. Bull market detected.
2026-02-22 19:26:51,089 INFO src.pipeline: Market regime detected: BULL (confidence: 95%)
2026-02-22 19:26:53,236 INFO src.pipeline: Analyzed 486 stocks
2026-02-22 19:26:53,236 INFO src.pipeline: After filtering: 486 stocks
2026-02-22 19:26:53,252 INFO src.pipeline: ML integration: 4 snapshots available, ML weight = 0% (insufficient data)
2026-02-22 19:26:53,253 INFO src.pipeline: Fetching smart money data for top 20 stocks (parallel)...
2026-02-22 19:26:54,850 INFO src.pipeline: Smart money fetch completed in 1.6s
2026-02-22 19:26:54,852 INFO src.streak_tracker: Updated streaks for 20 tickers
2026-02-22 19:26:54,873 INFO src.pipeline: Rotated scan results → prev_scan_results.json
/Users/zhuorantang/clawd/stock-picker/src/accuracy.py:152: FutureWarning: YF.download() has changed argument auto_adjust default to True
  batch = yf.download(unique_tickers, period="1d", progress=False)
2026-02-22 19:27:16,294 INFO src.accuracy: Accuracy: batch fetched 25/25 ticker prices
/Users/zhuorantang/clawd/stock-picker/src/accuracy.py:152: FutureWarning: YF.download() has changed argument auto_adjust default to True
  batch = yf.download(unique_tickers, period="1d", progress=False)
2026-02-22 19:27:21,623 INFO src.accuracy: Accuracy: batch fetched 25/25 ticker prices
2026-02-22 19:28:05,826 INFO src.universe: Loaded 503 tickers from cache
2026-02-22 19:28:05,826 INFO src.pipeline: Scanning 503 tickers with strategy 'balanced'...
2026-02-22 19:28:05,826 INFO src.pipeline: Using cached stock data (0.2h old)
2026-02-22 19:28:06,797 INFO src.market_regime: Market regime: BULL (confidence: 95%) - SPY $689.43 is 6.3% above 200MA ($648.59), trending up. Bull market detected.
2026-02-22 19:28:06,797 INFO src.pipeline: Market regime detected: BULL (confidence: 95%)
2026-02-22 19:28:08,942 INFO src.pipeline: Analyzed 486 stocks
2026-02-22 19:28:08,942 INFO src.pipeline: After filtering: 486 stocks
2026-02-22 19:28:08,957 INFO src.pipeline: ML integration: 4 snapshots available, ML weight = 0% (insufficient data)
2026-02-22 19:28:08,958 INFO src.pipeline: Fetching smart money data for top 20 stocks (parallel)...
2026-02-22 19:28:10,577 INFO src.pipeline: Smart money fetch completed in 1.6s
2026-02-22 19:28:10,579 INFO src.streak_tracker: Updated streaks for 20 tickers
2026-02-22 19:28:10,600 INFO src.pipeline: Rotated scan results → prev_scan_results.json
2026-02-22 19:30:23,838 INFO src.universe: Loaded 503 tickers from cache
2026-02-22 19:30:23,838 INFO src.pipeline: Scanning 503 tickers with strategy 'balanced'...
2026-02-22 19:30:23,838 INFO src.pipeline: Using cached stock data (0.2h old)
2026-02-22 19:30:24,577 INFO src.market_regime: Market regime: BULL (confidence: 95%) - SPY $689.43 is 6.3% above 200MA ($648.59), trending up. Bull market detected.
2026-02-22 19:30:24,577 INFO src.pipeline: Market regime detected: BULL (confidence: 95%)
2026-02-22 19:30:26,766 INFO src.pipeline: Analyzed 486 stocks
2026-02-22 19:30:26,766 INFO src.pipeline: After filtering: 486 stocks
2026-02-22 19:30:26,781 INFO src.pipeline: ML integration: 4 snapshots available, ML weight = 0% (insufficient data)
2026-02-22 19:30:26,782 INFO src.pipeline: Fetching smart money data for top 20 stocks (parallel)...
2026-02-22 19:30:28,413 INFO src.pipeline: Smart money fetch completed in 1.6s
2026-02-22 19:30:28,416 INFO src.streak_tracker: Updated streaks for 20 tickers
2026-02-22 19:30:28,437 INFO src.pipeline: Rotated scan results → prev_scan_results.json
/Users/zhuorantang/clawd/stock-picker/src/accuracy.py:152: FutureWarning: YF.download() has changed argument auto_adjust default to True
  batch = yf.download(unique_tickers, period="1d", progress=False)
2026-02-22 19:31:05,308 INFO src.accuracy: Accuracy: batch fetched 25/25 ticker prices
2026-02-22 19:32:37,342 INFO src.pipeline: Using cached stock data (0.2h old)
2026-02-22 19:35:55,091 INFO src.universe: Loaded 503 tickers from cache
2026-02-22 19:35:55,092 INFO src.pipeline: Scanning 503 tickers with strategy 'balanced'...
2026-02-22 19:35:55,092 INFO src.pipeline: Using cached stock data (0.3h old)
2026-02-22 19:35:56,657 INFO src.market_regime: Market regime: BULL (confidence: 95%) - SPY $689.43 is 6.3% above 200MA ($648.59), trending up. Bull market detected.
2026-02-22 19:35:56,657 INFO src.pipeline: Market regime detected: BULL (confidence: 95%)
2026-02-22 19:35:58,814 INFO src.pipeline: Analyzed 486 stocks
2026-02-22 19:35:58,814 INFO src.pipeline: After filtering: 486 stocks
2026-02-22 19:35:58,830 INFO src.pipeline: ML integration: 4 snapshots available, ML weight = 0% (insufficient data)
2026-02-22 19:35:58,831 INFO src.pipeline: Fetching smart money data for top 20 stocks (parallel)...
2026-02-22 19:36:06,611 INFO src.pipeline: Smart money fetch completed in 7.8s
2026-02-22 19:36:06,614 INFO src.streak_tracker: Updated streaks for 20 tickers
2026-02-22 19:36:06,634 INFO src.pipeline: Rotated scan results → prev_scan_results.json
2026-02-22 19:36:07,167 INFO src.pipeline: Using cached stock data (0.3h old)
2026-02-22 20:12:32,466 INFO src.universe: Loaded 503 tickers from cache
2026-02-22 20:12:32,466 INFO src.pipeline: Scanning 503 tickers with strategy 'balanced'...
2026-02-22 20:12:32,466 INFO src.pipeline: Using cached stock data (0.9h old)
2026-02-22 20:12:33,236 INFO src.market_regime: Market regime: BULL (confidence: 95%) - SPY $689.43 is 6.3% above 200MA ($648.59), trending up. Bull market detected.
2026-02-22 20:12:33,236 INFO src.pipeline: Market regime detected: BULL (confidence: 95%)
2026-02-22 20:12:35,388 INFO src.pipeline: Analyzed 486 stocks
2026-02-22 20:12:35,388 INFO src.pipeline: After filtering: 486 stocks
2026-02-22 20:12:35,404 INFO src.pipeline: ML integration: 4 snapshots available, ML weight = 0% (insufficient data)
2026-02-22 20:12:35,404 INFO src.pipeline: Fetching smart money data for top 20 stocks (parallel)...
2026-02-22 20:12:36,665 INFO src.pipeline: Smart money fetch completed in 1.3s
2026-02-22 20:12:38,506 INFO src.streak_tracker: Updated streaks for 20 tickers
2026-02-22 20:12:38,533 INFO src.pipeline: Rotated scan results → prev_scan_results.json
/Users/zhuorantang/clawd/stock-picker/src/accuracy.py:152: FutureWarning: YF.download() has changed argument auto_adjust default to True
  batch = yf.download(unique_tickers, period="1d", progress=False)
2026-02-22 20:13:16,125 INFO src.accuracy: Accuracy: batch fetched 25/25 ticker prices
INFO:     Shutting down
INFO:     Waiting for application shutdown.
INFO:     Application shutdown complete.
INFO:     Finished server process [19377]
INFO:     Started server process [47819]
INFO:     Waiting for application startup.
INFO:     Application startup complete.
INFO:     Uvicorn running on http://0.0.0.0:8000 (Press CTRL+C to quit)
2026-02-22 20:13:50,028 INFO src.universe: Loaded 503 tickers from cache
2026-02-22 20:13:50,028 INFO src.pipeline: Scanning 503 tickers with strategy 'balanced'...
2026-02-22 20:13:50,028 INFO src.pipeline: Using cached stock data (0.9h old)
2026-02-22 20:13:50,965 INFO src.market_regime: Market regime: BULL (confidence: 95%) - SPY $689.43 is 6.3% above 200MA ($648.59), trending up. Bull market detected.
2026-02-22 20:13:50,965 INFO src.pipeline: Market regime detected: BULL (confidence: 95%)
2026-02-22 20:13:53,108 INFO src.pipeline: Analyzed 486 stocks
2026-02-22 20:13:53,108 INFO src.pipeline: After filtering: 486 stocks
2026-02-22 20:13:53,124 INFO src.pipeline: ML integration: 6 snapshots available, ML weight = 0% (insufficient data)
2026-02-22 20:13:53,125 INFO src.pipeline: Fetching smart money data for top 20 stocks (parallel)...
2026-02-22 20:13:54,547 INFO src.pipeline: Smart money fetch completed in 1.4s
2026-02-22 20:13:56,402 INFO src.streak_tracker: Updated streaks for 20 tickers
2026-02-22 20:13:56,431 INFO src.pipeline: Rotated scan results → prev_scan_results.json
2026-02-22 20:14:01,973 INFO src.universe: Loaded 503 tickers from cache
2026-02-22 20:14:01,973 INFO src.pipeline: Scanning 503 tickers with strategy 'balanced'...
2026-02-22 20:14:01,973 INFO src.pipeline: Using cached stock data (0.9h old)
2026-02-22 20:14:02,745 INFO src.market_regime: Market regime: BULL (confidence: 95%) - SPY $689.43 is 6.3% above 200MA ($648.59), trending up. Bull market detected.
2026-02-22 20:14:02,745 INFO src.pipeline: Market regime detected: BULL (confidence: 95%)
2026-02-22 20:14:04,887 INFO src.pipeline: Analyzed 486 stocks
2026-02-22 20:14:04,887 INFO src.pipeline: After filtering: 486 stocks
2026-02-22 20:14:04,903 INFO src.pipeline: ML integration: 6 snapshots available, ML weight = 0% (insufficient data)
2026-02-22 20:14:04,903 INFO src.pipeline: Fetching smart money data for top 20 stocks (parallel)...
2026-02-22 20:14:06,239 INFO src.pipeline: Smart money fetch completed in 1.3s
2026-02-22 20:14:06,241 INFO src.streak_tracker: Updated streaks for 20 tickers
2026-02-22 20:14:06,261 INFO src.pipeline: Rotated scan results → prev_scan_results.json
2026-02-22 20:24:58,853 INFO src.universe: Loaded 503 tickers from cache
2026-02-22 20:24:58,855 INFO src.pipeline: Scanning 503 tickers with strategy 'balanced'...
2026-02-22 20:24:58,855 INFO src.pipeline: Using cached stock data (1.1h old)
2026-02-22 20:24:59,592 INFO src.market_regime: Market regime: BULL (confidence: 95%) - SPY $689.43 is 6.3% above 200MA ($648.59), trending up. Bull market detected.
2026-02-22 20:24:59,592 INFO src.pipeline: Market regime detected: BULL (confidence: 95%)
2026-02-22 20:25:01,731 INFO src.pipeline: Analyzed 486 stocks
2026-02-22 20:25:01,731 INFO src.pipeline: After filtering: 486 stocks
2026-02-22 20:25:01,746 INFO src.pipeline: ML integration: 6 snapshots available, ML weight = 0% (insufficient data)
2026-02-22 20:25:01,747 INFO src.pipeline: Fetching smart money data for top 20 stocks (parallel)...
2026-02-22 20:25:03,130 INFO src.pipeline: Smart money fetch completed in 1.4s
2026-02-22 20:25:03,132 INFO src.streak_tracker: Updated streaks for 20 tickers
2026-02-22 20:25:03,149 INFO src.pipeline: Rotated scan results → prev_scan_results.json
2026-02-22 20:30:15,047 INFO src.universe: Loaded 503 tickers from cache
2026-02-22 20:30:15,048 INFO src.pipeline: Scanning 503 tickers with strategy 'balanced'...
2026-02-22 20:30:15,048 INFO src.pipeline: Using cached stock data (1.2h old)
2026-02-22 20:30:15,741 INFO src.market_regime: Market regime: BULL (confidence: 95%) - SPY $689.43 is 6.3% above 200MA ($648.59), trending up. Bull market detected.
2026-02-22 20:30:15,741 INFO src.pipeline: Market regime detected: BULL (confidence: 95%)
2026-02-22 20:30:17,879 INFO src.pipeline: Analyzed 486 stocks
2026-02-22 20:30:17,879 INFO src.pipeline: After filtering: 486 stocks
2026-02-22 20:30:17,895 INFO src.pipeline: ML integration: 6 snapshots available, ML weight = 0% (insufficient data)
2026-02-22 20:30:17,895 INFO src.pipeline: Fetching smart money data for top 20 stocks (parallel)...
2026-02-22 20:30:19,215 INFO src.pipeline: Smart money fetch completed in 1.3s
2026-02-22 20:30:19,216 INFO src.streak_tracker: Updated streaks for 20 tickers
2026-02-22 20:30:19,229 INFO src.pipeline: Rotated scan results → prev_scan_results.json
2026-02-22 20:30:50,237 INFO src.universe: Loaded 503 tickers from cache
2026-02-22 20:30:50,237 INFO src.pipeline: Scanning 503 tickers with strategy 'balanced'...
2026-02-22 20:30:50,238 INFO src.pipeline: Using cached stock data (1.2h old)
2026-02-22 20:30:50,900 INFO src.market_regime: Market regime: BULL (confidence: 95%) - SPY $689.43 is 6.3% above 200MA ($648.59), trending up. Bull market detected.
2026-02-22 20:30:50,900 INFO src.pipeline: Market regime detected: BULL (confidence: 95%)
2026-02-22 20:30:53,038 INFO src.pipeline: Analyzed 486 stocks
2026-02-22 20:30:53,038 INFO src.pipeline: After filtering: 486 stocks
2026-02-22 20:30:53,053 INFO src.pipeline: ML integration: 6 snapshots available, ML weight = 0% (insufficient data)
2026-02-22 20:30:53,054 INFO src.pipeline: Fetching smart money data for top 20 stocks (parallel)...
2026-02-22 20:30:54,503 INFO src.pipeline: Smart money fetch completed in 1.4s
2026-02-22 20:30:54,505 INFO src.streak_tracker: Updated streaks for 20 tickers
2026-02-22 20:30:54,526 INFO src.pipeline: Rotated scan results → prev_scan_results.json
/Users/zhuorantang/clawd/stock-picker/src/accuracy.py:152: FutureWarning: YF.download() has changed argument auto_adjust default to True
  batch = yf.download(unique_tickers, period="1d", progress=False)
2026-02-22 20:32:21,973 INFO src.accuracy: Accuracy: batch fetched 25/25 ticker prices
2026-02-22 20:32:51,226 INFO src.pipeline: Using cached stock data (1.2h old)
2026-02-22 20:32:52,729 INFO src.universe: Loaded 503 tickers from cache
2026-02-22 20:32:52,729 INFO src.pipeline: Scanning 503 tickers with strategy 'balanced'...
2026-02-22 20:32:52,730 INFO src.pipeline: Using cached stock data (1.2h old)
2026-02-22 20:32:53,509 INFO src.market_regime: Market regime: BULL (confidence: 95%) - SPY $689.43 is 6.3% above 200MA ($648.59), trending up. Bull market detected.
2026-02-22 20:32:53,509 INFO src.pipeline: Market regime detected: BULL (confidence: 95%)
2026-02-22 20:32:55,799 INFO src.pipeline: Analyzed 486 stocks
2026-02-22 20:32:55,799 INFO src.pipeline: After filtering: 486 stocks
2026-02-22 20:32:55,815 INFO src.pipeline: ML integration: 6 snapshots available, ML weight = 0% (insufficient data)
2026-02-22 20:32:55,816 INFO src.pipeline: Fetching smart money data for top 20 stocks (parallel)...
2026-02-22 20:32:57,172 INFO src.pipeline: Smart money fetch completed in 1.4s
2026-02-22 20:32:57,174 INFO src.streak_tracker: Updated streaks for 20 tickers
2026-02-22 20:32:57,190 INFO src.pipeline: Rotated scan results → prev_scan_results.json
2026-02-22 20:32:58,806 INFO src.pipeline: Using cached stock data (1.2h old)
2026-02-22 22:30:32,368 INFO src.pipeline: Using cached stock data (3.2h old)
2026-02-22 22:43:30,113 INFO src.pipeline: Using cached stock data (3.4h old)
2026-02-22 22:43:31,859 INFO src.universe: Loaded 503 tickers from cache
2026-02-22 22:43:31,859 INFO src.pipeline: Scanning 503 tickers with strategy 'balanced'...
2026-02-22 22:43:31,859 INFO src.pipeline: Using cached stock data (3.4h old)
2026-02-22 22:43:32,570 INFO src.market_regime: Market regime: BULL (confidence: 95%) - SPY $689.43 is 6.3% above 200MA ($648.59), trending up. Bull market detected.
2026-02-22 22:43:32,570 INFO src.pipeline: Market regime detected: BULL (confidence: 95%)
2026-02-22 22:43:34,715 INFO src.pipeline: Analyzed 486 stocks
2026-02-22 22:43:34,715 INFO src.pipeline: After filtering: 486 stocks
2026-02-22 22:43:34,731 INFO src.pipeline: ML integration: 6 snapshots available, ML weight = 0% (insufficient data)
2026-02-22 22:43:34,732 INFO src.pipeline: Fetching smart money data for top 20 stocks (parallel)...
2026-02-22 22:43:36,274 INFO src.pipeline: Smart money fetch completed in 1.5s
2026-02-22 22:43:37,920 INFO src.streak_tracker: Updated streaks for 20 tickers
2026-02-22 22:43:37,952 INFO src.pipeline: Rotated scan results → prev_scan_results.json
2026-02-22 22:43:39,946 INFO src.pipeline: Using cached stock data (3.4h old)
2026-02-22 22:45:37,439 INFO src.universe: Loaded 503 tickers from cache
2026-02-22 22:45:37,439 INFO src.pipeline: Scanning 503 tickers with strategy 'aggressive'...
2026-02-22 22:45:37,440 INFO src.pipeline: Using cached stock data (3.5h old)
2026-02-22 22:45:38,058 INFO src.market_regime: Market regime: BULL (confidence: 95%) - SPY $689.43 is 6.3% above 200MA ($648.59), trending up. Bull market detected.
2026-02-22 22:45:38,058 INFO src.pipeline: Market regime detected: BULL (confidence: 95%)
2026-02-22 22:45:40,210 INFO src.pipeline: Analyzed 486 stocks
2026-02-22 22:45:40,210 INFO src.pipeline: After filtering: 191 stocks
2026-02-22 22:45:40,221 INFO src.pipeline: ML integration: 6 snapshots available, ML weight = 0% (insufficient data)
2026-02-22 22:45:40,222 INFO src.pipeline: Fetching smart money data for top 20 stocks (parallel)...
2026-02-22 22:45:41,584 INFO src.pipeline: Smart money fetch completed in 1.4s
2026-02-22 22:45:42,511 INFO src.streak_tracker: Updated streaks for 20 tickers
2026-02-22 22:45:42,526 INFO src.pipeline: Rotated scan results → prev_scan_results.json
2026-02-22 22:45:43,489 INFO src.pipeline: Using cached stock data (3.5h old)
2026-02-22 22:46:50,332 INFO src.universe: Loaded 503 tickers from cache
2026-02-22 22:46:50,332 INFO src.pipeline: Scanning 503 tickers with strategy 'balanced'...
2026-02-22 22:46:50,332 INFO src.pipeline: Using cached stock data (3.5h old)
2026-02-22 22:46:50,981 INFO src.market_regime: Market regime: BULL (confidence: 95%) - SPY $689.43 is 6.3% above 200MA ($648.59), trending up. Bull market detected.
2026-02-22 22:46:50,981 INFO src.pipeline: Market regime detected: BULL (confidence: 95%)
2026-02-22 22:46:53,160 INFO src.pipeline: Analyzed 486 stocks
2026-02-22 22:46:53,160 INFO src.pipeline: After filtering: 486 stocks
2026-02-22 22:46:53,176 INFO src.pipeline: ML integration: 6 snapshots available, ML weight = 0% (insufficient data)
2026-02-22 22:46:53,176 INFO src.pipeline: Fetching smart money data for top 20 stocks (parallel)...
2026-02-22 22:46:54,495 INFO src.pipeline: Smart money fetch completed in 1.3s
2026-02-22 22:46:54,496 INFO src.streak_tracker: Updated streaks for 20 tickers
2026-02-22 22:46:54,507 INFO src.pipeline: Rotated scan results → prev_scan_results.json
2026-02-22 22:46:56,389 INFO src.pipeline: Using cached stock data (3.5h old)
/Users/zhuorantang/clawd/stock-picker/src/accuracy.py:152: FutureWarning: YF.download() has changed argument auto_adjust default to True
  batch = yf.download(unique_tickers, period="1d", progress=False)
2026-02-23 06:30:06,528 ERROR yfinance: 
19 Failed downloads:
2026-02-23 06:30:06,528 ERROR yfinance: ['ACGL', 'CF', 'RL', 'TRV', 'CB', 'CAH', 'HIG', 'MCK', 'AMGN', 'HII', 'LVS', 'PRU', 'CPAY', 'INCY', 'NEM', 'ALL', 'UHS', 'ES', 'TXT']: YFPricesMissingError('possibly delisted; no price data found  (period=1d)')
2026-02-23 06:30:06,543 INFO src.accuracy: Accuracy: batch fetched 6/25 ticker prices
2026-02-23 07:07:50,661 INFO src.universe: Loaded 503 tickers from cache
2026-02-23 07:07:50,661 INFO src.pipeline: Scanning 503 tickers with strategy 'balanced'...
2026-02-23 07:07:50,661 INFO src.pipeline: Using cached stock data (11.8h old)
2026-02-23 07:07:51,529 INFO src.market_regime: Market regime: BULL (confidence: 90%) - SPY $685.52 is 5.6% above 200MA ($649.25), trending up. Bull market detected.
2026-02-23 07:07:51,529 INFO src.pipeline: Market regime detected: BULL (confidence: 90%)
2026-02-23 07:07:53,759 INFO src.pipeline: Analyzed 486 stocks
2026-02-23 07:07:53,759 INFO src.pipeline: After filtering: 486 stocks
2026-02-23 07:07:53,774 INFO src.pipeline: ML integration: 6 snapshots available, ML weight = 0% (insufficient data)
2026-02-23 07:07:53,774 INFO src.pipeline: Fetching smart money data for top 20 stocks (parallel)...
2026-02-23 07:07:55,246 INFO src.pipeline: Smart money fetch completed in 1.5s
2026-02-23 07:07:56,965 INFO src.streak_tracker: Updated streaks for 20 tickers
2026-02-23 07:07:56,994 INFO src.pipeline: Rotated scan results → prev_scan_results.json
2026-02-23 07:07:57,002 INFO src.pipeline: Saved daily snapshot: /Users/zhuorantang/clawd/stock-picker/data/daily_snapshots/2026-02-23.json
2026-02-23 09:01:26,030 INFO src.universe: Loaded 503 tickers from cache
2026-02-23 09:01:26,030 INFO src.pipeline: Scanning 503 tickers with strategy 'balanced'...
2026-02-23 09:01:26,031 INFO src.pipeline: Using cached stock data (13.7h old)
2026-02-23 09:01:26,852 INFO src.market_regime: Market regime: BULL (confidence: 90%) - SPY $682.38 is 5.1% above 200MA ($649.23), trending up. Bull market detected.
2026-02-23 09:01:26,852 INFO src.pipeline: Market regime detected: BULL (confidence: 90%)
2026-02-23 09:01:29,085 INFO src.pipeline: Analyzed 486 stocks
2026-02-23 09:01:29,086 INFO src.pipeline: After filtering: 486 stocks
2026-02-23 09:01:29,101 INFO src.pipeline: ML integration: 7 snapshots available, ML weight = 0% (insufficient data)
2026-02-23 09:01:29,101 INFO src.pipeline: Fetching smart money data for top 20 stocks (parallel)...
2026-02-23 09:01:30,694 INFO src.pipeline: Smart money fetch completed in 1.6s
2026-02-23 09:01:32,824 INFO src.streak_tracker: Updated streaks for 20 tickers
2026-02-23 09:01:32,857 INFO src.pipeline: Rotated scan results → prev_scan_results.json
